<?xml version="1.0" encoding="UTF-8"?>
<!-- Generated by org.testng.reporters.JUnitReportReporter -->
<testsuite hostname="user1" failures="0" tests="4" name="runners.TestRunnertest" time="4.260" errors="0" timestamp="2025-04-16T11:16:47 IST" skipped="0">
  <testcase classname="runners.TestRunnertest" name="runScenario" time="1.336"/>
  <testcase classname="runners.TestRunnertest" name="runScenario" time="1.683"/>
  <testcase classname="runners.TestRunnertest" name="runScenario" time="0.473"/>
  <testcase classname="runners.TestRunnertest" name="runScenario" time="0.768"/>
</testsuite> <!-- runners.TestRunnertest -->
