<?xml version="1.0" encoding="UTF-8"?>
<!-- Generated by org.testng.reporters.JUnitReportReporter -->
<testsuite hostname="user1" failures="0" tests="4" name="runners.TestRunner" time="4.469" errors="0" timestamp="2025-04-16T08:46:58 IST" skipped="0">
  <testcase classname="runners.TestRunner" name="runScenario" time="1.740"/>
  <testcase classname="runners.TestRunner" name="runScenario" time="0.591"/>
  <testcase classname="runners.TestRunner" name="runScenario" time="1.392"/>
  <testcase classname="runners.TestRunner" name="runScenario" time="0.746"/>
</testsuite> <!-- runners.TestRunner -->
