<?xml version="1.0" encoding="UTF-8"?>
<!-- Generated by org.testng.reporters.JUnitReportReporter -->
<testsuite hostname="user1" failures="0" tests="4" name="runners.TestRunnertest" time="3.996" errors="0" timestamp="2025-04-16T09:10:33 IST" skipped="0">
  <testcase classname="runners.TestRunnertest" name="runScenario" time="1.263"/>
  <testcase classname="runners.TestRunnertest" name="runScenario" time="0.331"/>
  <testcase classname="runners.TestRunnertest" name="runScenario" time="1.628"/>
  <testcase classname="runners.TestRunnertest" name="runScenario" time="0.774"/>
</testsuite> <!-- runners.TestRunnertest -->
